<?xml version="1.0" encoding="UTF-8"?>
<testng-results ignored="0" total="2" passed="2" failed="0" skipped="0">
  <reporter-output>
  </reporter-output>
  <suite started-at="2021-07-25T12:04:28Z" name="Default suite" finished-at="2021-07-25T12:04:29Z" duration-ms="168">
    <groups>
    </groups>
    <test started-at="2021-07-25T12:04:28Z" name="Default test" finished-at="2021-07-25T12:04:29Z" duration-ms="168">
      <class name="testngExample.Annotationorder">
        <test-method is-config="true" signature="bethodsuite()[pri:0, instance:testngExample.Annotationorder@38604b81]" started-at="2021-07-25T12:04:28Z" name="bethodsuite" finished-at="2021-07-25T12:04:28Z" duration-ms="32" status="PASS">
          <reporter-output>
          </reporter-output>
        </test-method> <!-- bethodsuite -->
        <test-method is-config="true" signature="beforeTest()[pri:0, instance:testngExample.Annotationorder@38604b81]" started-at="2021-07-25T12:04:28Z" name="beforeTest" finished-at="2021-07-25T12:04:28Z" duration-ms="0" status="PASS">
          <reporter-output>
          </reporter-output>
        </test-method> <!-- beforeTest -->
        <test-method is-config="true" signature="Beforeclassmethod()[pri:0, instance:testngExample.Annotationorder@38604b81]" started-at="2021-07-25T12:04:28Z" name="Beforeclassmethod" finished-at="2021-07-25T12:04:28Z" duration-ms="0" status="PASS">
          <reporter-output>
          </reporter-output>
        </test-method> <!-- Beforeclassmethod -->
        <test-method is-config="true" signature="Beforemethod()[pri:0, instance:testngExample.Annotationorder@38604b81]" started-at="2021-07-25T12:04:28Z" name="Beforemethod" finished-at="2021-07-25T12:04:28Z" duration-ms="1" status="PASS">
          <reporter-output>
          </reporter-output>
        </test-method> <!-- Beforemethod -->
        <test-method signature="FirstTestoneMethod()[pri:0, instance:testngExample.Annotationorder@38604b81]" started-at="2021-07-25T12:04:28Z" name="FirstTestoneMethod" finished-at="2021-07-25T12:04:29Z" duration-ms="19" status="PASS">
          <reporter-output>
          </reporter-output>
        </test-method> <!-- FirstTestoneMethod -->
        <test-method is-config="true" signature="Aftermethod()[pri:0, instance:testngExample.Annotationorder@38604b81]" started-at="2021-07-25T12:04:29Z" name="Aftermethod" finished-at="2021-07-25T12:04:29Z" duration-ms="7" status="PASS">
          <reporter-output>
          </reporter-output>
        </test-method> <!-- Aftermethod -->
        <test-method is-config="true" signature="Beforemethod()[pri:0, instance:testngExample.Annotationorder@38604b81]" started-at="2021-07-25T12:04:29Z" name="Beforemethod" finished-at="2021-07-25T12:04:29Z" duration-ms="0" status="PASS">
          <reporter-output>
          </reporter-output>
        </test-method> <!-- Beforemethod -->
        <test-method signature="secondTestoneMethod()[pri:0, instance:testngExample.Annotationorder@38604b81]" started-at="2021-07-25T12:04:29Z" name="secondTestoneMethod" finished-at="2021-07-25T12:04:29Z" duration-ms="12" status="PASS">
          <reporter-output>
          </reporter-output>
        </test-method> <!-- secondTestoneMethod -->
        <test-method is-config="true" signature="Aftermethod()[pri:0, instance:testngExample.Annotationorder@38604b81]" started-at="2021-07-25T12:04:29Z" name="Aftermethod" finished-at="2021-07-25T12:04:29Z" duration-ms="1" status="PASS">
          <reporter-output>
          </reporter-output>
        </test-method> <!-- Aftermethod -->
        <test-method is-config="true" signature="Afterclassmethod()[pri:0, instance:testngExample.Annotationorder@38604b81]" started-at="2021-07-25T12:04:29Z" name="Afterclassmethod" finished-at="2021-07-25T12:04:29Z" duration-ms="1" status="PASS">
          <reporter-output>
          </reporter-output>
        </test-method> <!-- Afterclassmethod -->
        <test-method is-config="true" signature="AfterTest()[pri:0, instance:testngExample.Annotationorder@38604b81]" started-at="2021-07-25T12:04:29Z" name="AfterTest" finished-at="2021-07-25T12:04:29Z" duration-ms="0" status="PASS">
          <reporter-output>
          </reporter-output>
        </test-method> <!-- AfterTest -->
        <test-method is-config="true" signature="Aftersuitemethod()[pri:0, instance:testngExample.Annotationorder@38604b81]" started-at="2021-07-25T12:04:29Z" name="Aftersuitemethod" finished-at="2021-07-25T12:04:29Z" duration-ms="1" status="PASS">
          <reporter-output>
          </reporter-output>
        </test-method> <!-- Aftersuitemethod -->
      </class> <!-- testngExample.Annotationorder -->
    </test> <!-- Default test -->
  </suite> <!-- Default suite -->
</testng-results>
